<?xml version="1.0" encoding="UTF-8"?>
<!-- Generated by org.testng.reporters.JUnitXMLReporter -->
<testsuite hostname="DHAKSHAN-VAIO" name="chromeTest" tests="6" failures="0" timestamp="27 Jul 2015 22:00:55 GMT" time="2.607" errors="0">
  <testcase name="@BeforeMethod setUp" time="0.0" classname="testNG.GmailLoginTest">
    <failure type="java.lang.NullPointerException">
      <![CDATA[java.lang.NullPointerException
	at testNG.BaseTest.setUp(BaseTest.java:31)
... Removed 26 stack frames]]>
    </failure>
  </testcase> <!-- @BeforeMethod setUp -->
  <testcase name="@AfterMethod tearDown" time="0.0" classname="testNG.GmailLoginTest">
    <skipped/>
  </testcase> <!-- @AfterMethod tearDown -->
  <testcase name="@BeforeMethod setUp" time="0.0" classname="testNG.GmailLoginTest">
    <skipped/>
  </testcase> <!-- @BeforeMethod setUp -->
  <testcase name="@AfterMethod tearDown" time="0.0" classname="testNG.GmailLoginTest">
    <skipped/>
  </testcase> <!-- @AfterMethod tearDown -->
  <testcase name="@BeforeMethod setUp" time="0.0" classname="testNG.GmailLoginTest">
    <skipped/>
  </testcase> <!-- @BeforeMethod setUp -->
  <testcase name="@AfterMethod tearDown" time="0.0" classname="testNG.GmailLoginTest">
    <skipped/>
  </testcase> <!-- @AfterMethod tearDown -->
  <testcase name="@BeforeMethod setUp" time="0.0" classname="testNG.GmailLoginTest">
    <skipped/>
  </testcase> <!-- @BeforeMethod setUp -->
  <testcase name="@AfterMethod tearDown" time="0.0" classname="testNG.GmailLoginTest">
    <skipped/>
  </testcase> <!-- @AfterMethod tearDown -->
  <testcase name="@BeforeMethod setUp" time="0.0" classname="testNG.GmailLoginTest">
    <skipped/>
  </testcase> <!-- @BeforeMethod setUp -->
  <testcase name="@AfterMethod tearDown" time="0.0" classname="testNG.GmailLoginTest">
    <skipped/>
  </testcase> <!-- @AfterMethod tearDown -->
  <testcase name="@BeforeMethod setUp" time="0.0" classname="testNG.GmailHomepageTest">
    <skipped/>
  </testcase> <!-- @BeforeMethod setUp -->
  <testcase name="@AfterMethod tearDown" time="0.0" classname="testNG.GmailHomepageTest">
    <skipped/>
  </testcase> <!-- @AfterMethod tearDown -->
  <testcase name="loginTest" time="0.001" classname="testNG.GmailLoginTest">
    <skipped/>
  </testcase> <!-- loginTest -->
  <testcase name="loginTest" time="0.001" classname="testNG.GmailLoginTest">
    <skipped/>
  </testcase> <!-- loginTest -->
  <testcase name="loginTest" time="0.001" classname="testNG.GmailLoginTest">
    <skipped/>
  </testcase> <!-- loginTest -->
  <testcase name="verifyCreateAccountLink" time="0.001" classname="testNG.GmailLoginTest">
    <skipped/>
  </testcase> <!-- verifyCreateAccountLink -->
  <testcase name="verifyNeedHelpLink" time="0.001" classname="testNG.GmailLoginTest">
    <skipped/>
  </testcase> <!-- verifyNeedHelpLink -->
  <testcase name="signOutTest" time="0.001" classname="testNG.GmailHomepageTest">
    <skipped/>
  </testcase> <!-- signOutTest -->
</testsuite> <!-- chromeTest -->
