<?xml version="1.0" encoding="UTF-8"?>
<!-- Generated by org.testng.reporters.JUnitXMLReporter -->
<testsuite hostname="DHAKSHAN-VAIO" name="GMAIL+chrome" tests="3" failures="0" timestamp="27 Jul 2015 21:19:47 GMT" time="2.333" errors="0">
  <testcase name="@BeforeMethod setUp" time="0.0" classname="testNG.GmailHomepageTest">
    <failure type="java.lang.NullPointerException">
      <![CDATA[java.lang.NullPointerException
	at testNG.BaseTest.setUp(BaseTest.java:30)
... Removed 26 stack frames]]>
    </failure>
  </testcase> <!-- @BeforeMethod setUp -->
  <testcase name="@AfterMethod tearDown" time="0.0" classname="testNG.GmailHomepageTest">
    <skipped/>
  </testcase> <!-- @AfterMethod tearDown -->
  <testcase name="@BeforeMethod setUp" time="0.0" classname="testNG.GmailLoginTest">
    <skipped/>
  </testcase> <!-- @BeforeMethod setUp -->
  <testcase name="@AfterMethod tearDown" time="0.0" classname="testNG.GmailLoginTest">
    <skipped/>
  </testcase> <!-- @AfterMethod tearDown -->
  <testcase name="@BeforeMethod setUp" time="0.0" classname="testNG.GmailLoginTest">
    <skipped/>
  </testcase> <!-- @BeforeMethod setUp -->
  <testcase name="@AfterMethod tearDown" time="0.0" classname="testNG.GmailLoginTest">
    <skipped/>
  </testcase> <!-- @AfterMethod tearDown -->
  <testcase name="signOutTest" time="0.001" classname="testNG.GmailHomepageTest">
    <skipped/>
  </testcase> <!-- signOutTest -->
  <testcase name="loginTest" time="0.001" classname="testNG.GmailLoginTest">
    <skipped/>
  </testcase> <!-- loginTest -->
  <testcase name="verifyCreateAccountLink" time="0.002" classname="testNG.GmailLoginTest">
    <skipped/>
  </testcase> <!-- verifyCreateAccountLink -->
</testsuite> <!-- GMAIL+chrome -->
