<?xml version="1.0" encoding="UTF-8"?>
<!-- Generated by org.testng.reporters.JUnitXMLReporter -->
<testsuite hostname="DHAKSHAN-VAIO" name="GMAIL" tests="3" failures="0" timestamp="26 Jul 2015 00:54:00 GMT" time="58.022" errors="0">
  <testcase name="loginTest" time="11.805" classname="testNG.GmailLoginTest"/>
  <testcase name="signOutTest" time="20.001" classname="testNG.GmailHomepageTest"/>
  <testcase name="verifyCreateAccountLink" time="0.29" classname="testNG.GmailLoginTest"/>
</testsuite> <!-- GMAIL -->
